<?xml version="1.0" encoding="UTF-8"?>
<testsuite name="ch.uzh.ifi.hase.soprafs23.service.UserServiceIntegrationTest" tests="2" skipped="0" failures="0" errors="0" timestamp="2023-03-29T15:09:37" hostname="DESKTOP-49P1IUG" time="0.157">
  <properties/>
  <testcase name="createUser_validInputs_success()" classname="ch.uzh.ifi.hase.soprafs23.service.UserServiceIntegrationTest" time="0.089"/>
  <testcase name="createUser_duplicateUsername_throwsException()" classname="ch.uzh.ifi.hase.soprafs23.service.UserServiceIntegrationTest" time="0.066"/>
  <system-out><![CDATA[2023-03-29 17:09:35.499  INFO 26536 --- [    Test worker] .b.t.c.SpringBootTestContextBootstrapper : Neither @ContextConfiguration nor @ContextHierarchy found for test class [ch.uzh.ifi.hase.soprafs23.service.UserServiceIntegrationTest], using SpringBootContextLoader
2023-03-29 17:09:35.501  INFO 26536 --- [    Test worker] o.s.t.c.support.AbstractContextLoader    : Could not detect default resource locations for test class [ch.uzh.ifi.hase.soprafs23.service.UserServiceIntegrationTest]: no resource found for suffixes {-context.xml, Context.groovy}.
2023-03-29 17:09:35.501  INFO 26536 --- [    Test worker] t.c.s.AnnotationConfigContextLoaderUtils : Could not detect default configuration classes for test class [ch.uzh.ifi.hase.soprafs23.service.UserServiceIntegrationTest]: UserServiceIntegrationTest does not declare any static, non-private, non-final, nested classes annotated with @Configuration.
2023-03-29 17:09:35.512  INFO 26536 --- [    Test worker] .b.t.c.SpringBootTestContextBootstrapper : Found @SpringBootConfiguration ch.uzh.ifi.hase.soprafs23.Application for test class ch.uzh.ifi.hase.soprafs23.service.UserServiceIntegrationTest
2023-03-29 17:09:35.519  INFO 26536 --- [    Test worker] .b.t.c.SpringBootTestContextBootstrapper : Loaded default TestExecutionListener class names from location [META-INF/spring.factories]: [org.springframework.boot.test.autoconfigure.restdocs.RestDocsTestExecutionListener, org.springframework.boot.test.autoconfigure.web.client.MockRestServiceServerResetTestExecutionListener, org.springframework.boot.test.autoconfigure.web.servlet.MockMvcPrintOnlyOnFailureTestExecutionListener, org.springframework.boot.test.autoconfigure.web.servlet.WebDriverTestExecutionListener, org.springframework.boot.test.autoconfigure.webservices.client.MockWebServiceServerTestExecutionListener, org.springframework.boot.test.mock.mockito.MockitoTestExecutionListener, org.springframework.boot.test.mock.mockito.ResetMocksTestExecutionListener, org.springframework.test.context.web.ServletTestExecutionListener, org.springframework.test.context.support.DirtiesContextBeforeModesTestExecutionListener, org.springframework.test.context.event.ApplicationEventsTestExecutionListener, org.springframework.test.context.support.DependencyInjectionTestExecutionListener, org.springframework.test.context.support.DirtiesContextTestExecutionListener, org.springframework.test.context.transaction.TransactionalTestExecutionListener, org.springframework.test.context.jdbc.SqlScriptsTestExecutionListener, org.springframework.test.context.event.EventPublishingTestExecutionListener]
2023-03-29 17:09:35.519  INFO 26536 --- [    Test worker] .b.t.c.SpringBootTestContextBootstrapper : Using TestExecutionListeners: [org.springframework.test.context.web.ServletTestExecutionListener@607f76a1, org.springframework.test.context.support.DirtiesContextBeforeModesTestExecutionListener@5036dd9c, org.springframework.test.context.event.ApplicationEventsTestExecutionListener@47ba8d3, org.springframework.boot.test.mock.mockito.MockitoTestExecutionListener@10a2f485, org.springframework.boot.test.autoconfigure.SpringBootDependencyInjectionTestExecutionListener@b73524e, org.springframework.test.context.support.DirtiesContextTestExecutionListener@6dcfa481, org.springframework.test.context.transaction.TransactionalTestExecutionListener@342bb4db, org.springframework.test.context.jdbc.SqlScriptsTestExecutionListener@33aa6807, org.springframework.test.context.event.EventPublishingTestExecutionListener@225abd1e, org.springframework.boot.test.autoconfigure.restdocs.RestDocsTestExecutionListener@3221ee78, org.springframework.boot.test.autoconfigure.web.client.MockRestServiceServerResetTestExecutionListener@5bc5098b, org.springframework.boot.test.autoconfigure.web.servlet.MockMvcPrintOnlyOnFailureTestExecutionListener@3bcfb8a4, org.springframework.boot.test.autoconfigure.web.servlet.WebDriverTestExecutionListener@4c0a508e, org.springframework.boot.test.autoconfigure.webservices.client.MockWebServiceServerTestExecutionListener@71653559, org.springframework.boot.test.mock.mockito.ResetMocksTestExecutionListener@29ff3af]

  .   ____          _            __ _ _
 /\\ / ___'_ __ _ _(_)_ __  __ _ \ \ \ \
( ( )\___ | '_ | '_| | '_ \/ _` | \ \ \ \
 \\/  ___)| |_)| | | | | || (_| |  ) ) ) )
  '  |____| .__|_| |_|_| |_\__, | / / / /
 =========|_|==============|___/=/_/_/_/
 :: Spring Boot ::               (v2.4.13)

2023-03-29 17:09:35.552  INFO 26536 --- [    Test worker] c.u.i.h.s.s.UserServiceIntegrationTest   : Starting UserServiceIntegrationTest using Java 17.0.5 on DESKTOP-49P1IUG with PID 26536 (started by makes in C:\Github\sopra-fs23-group-30-server)
2023-03-29 17:09:35.554  INFO 26536 --- [    Test worker] c.u.i.h.s.s.UserServiceIntegrationTest   : No active profile set, falling back to default profiles: default
2023-03-29 17:09:35.859  INFO 26536 --- [    Test worker] .s.d.r.c.RepositoryConfigurationDelegate : Bootstrapping Spring Data JPA repositories in DEFAULT mode.
2023-03-29 17:09:35.877  INFO 26536 --- [    Test worker] .s.d.r.c.RepositoryConfigurationDelegate : Finished Spring Data repository scanning in 17 ms. Found 1 JPA repository interfaces.
2023-03-29 17:09:35.927  INFO 26536 --- [    Test worker] beddedDataSourceBeanFactoryPostProcessor : Replacing 'dataSource' DataSource bean with embedded version
2023-03-29 17:09:36.044  INFO 26536 --- [    Test worker] o.s.j.d.e.EmbeddedDatabaseFactory        : Starting embedded database: url='jdbc:h2:mem:bcc35f01-adfc-46e8-bfe0-1a89cef9e490;DB_CLOSE_DELAY=-1;DB_CLOSE_ON_EXIT=false', username='sa'
2023-03-29 17:09:36.110  INFO 26536 --- [    Test worker] o.hibernate.jpa.internal.util.LogHelper  : HHH000204: Processing PersistenceUnitInfo [name: default]
2023-03-29 17:09:36.120  INFO 26536 --- [    Test worker] org.hibernate.dialect.Dialect            : HHH000400: Using dialect: org.hibernate.dialect.SQLServerDialect
Hibernate: create table profile (id numeric(19,0) identity not null, name varchar(255) not null, status int not null, token varchar(255) not null, username varchar(255) not null, primary key (id))
Hibernate: alter table profile drop constraint UK_4kdnrln4rw0jhg49lq5qm158i
Hibernate: alter table profile add constraint UK_4kdnrln4rw0jhg49lq5qm158i unique (token)
Hibernate: alter table profile drop constraint UK_5em4hwqp4woqsf49dru7fjo80
Hibernate: alter table profile add constraint UK_5em4hwqp4woqsf49dru7fjo80 unique (username)
2023-03-29 17:09:36.190  INFO 26536 --- [    Test worker] o.h.e.t.j.p.i.JtaPlatformInitiator       : HHH000490: Using JtaPlatform implementation: [org.hibernate.engine.transaction.jta.platform.internal.NoJtaPlatform]
2023-03-29 17:09:36.190  INFO 26536 --- [    Test worker] j.LocalContainerEntityManagerFactoryBean : Initialized JPA EntityManagerFactory for persistence unit 'default'
2023-03-29 17:09:36.560  WARN 26536 --- [    Test worker] JpaBaseConfiguration$JpaWebConfiguration : spring.jpa.open-in-view is enabled by default. Therefore, database queries may be performed during view rendering. Explicitly configure spring.jpa.open-in-view to disable this warning
2023-03-29 17:09:37.041  INFO 26536 --- [    Test worker] c.u.i.h.s.s.UserServiceIntegrationTest   : Started UserServiceIntegrationTest in 1.518 seconds (JVM running for 12.532)
Hibernate: select user0_.id as id1_0_, user0_.name as name2_0_, user0_.status as status3_0_, user0_.token as token4_0_, user0_.username as username5_0_ from profile user0_
Hibernate: select user0_.id as id1_0_, user0_.name as name2_0_, user0_.status as status3_0_, user0_.token as token4_0_, user0_.username as username5_0_ from profile user0_ where user0_.username=?
Hibernate: select user0_.id as id1_0_, user0_.name as name2_0_, user0_.status as status3_0_, user0_.token as token4_0_, user0_.username as username5_0_ from profile user0_ where user0_.username=?
Hibernate: select user0_.id as id1_0_, user0_.name as name2_0_, user0_.status as status3_0_, user0_.token as token4_0_, user0_.username as username5_0_ from profile user0_ where user0_.name=?
Hibernate: insert into profile (name, status, token, username) values (?, ?, ?, ?)
Hibernate: select user0_.id as id1_0_, user0_.name as name2_0_, user0_.status as status3_0_, user0_.token as token4_0_, user0_.username as username5_0_ from profile user0_
Hibernate: delete from profile where id=?
Hibernate: select user0_.id as id1_0_, user0_.name as name2_0_, user0_.status as status3_0_, user0_.token as token4_0_, user0_.username as username5_0_ from profile user0_ where user0_.username=?
Hibernate: select user0_.id as id1_0_, user0_.name as name2_0_, user0_.status as status3_0_, user0_.token as token4_0_, user0_.username as username5_0_ from profile user0_ where user0_.username=?
Hibernate: select user0_.id as id1_0_, user0_.name as name2_0_, user0_.status as status3_0_, user0_.token as token4_0_, user0_.username as username5_0_ from profile user0_ where user0_.name=?
Hibernate: insert into profile (name, status, token, username) values (?, ?, ?, ?)
Hibernate: select user0_.id as id1_0_, user0_.name as name2_0_, user0_.status as status3_0_, user0_.token as token4_0_, user0_.username as username5_0_ from profile user0_ where user0_.username=?
Hibernate: select user0_.id as id1_0_, user0_.name as name2_0_, user0_.status as status3_0_, user0_.token as token4_0_, user0_.username as username5_0_ from profile user0_ where user0_.name=?
]]></system-out>
  <system-err><![CDATA[]]></system-err>
</testsuite>
