<?xml version="1.0" encoding="UTF-8"?>
<testsuite name="ch.uzh.ifi.hase.soprafs23.repository.ProfileRepositoryIntegrationTest" tests="1" skipped="0" failures="0" errors="0" timestamp="2023-03-30T14:13:26" hostname="DESKTOP-49P1IUG" time="0.287">
  <properties/>
  <testcase name="findByName_success()" classname="ch.uzh.ifi.hase.soprafs23.repository.ProfileRepositoryIntegrationTest" time="0.287"/>
  <system-out><![CDATA[2023-03-30 16:13:23.771  INFO 22024 --- [    Test worker] b.t.a.o.j.DataJpaTestContextBootstrapper : Neither @ContextConfiguration nor @ContextHierarchy found for test class [ch.uzh.ifi.hase.soprafs23.repository.ProfileRepositoryIntegrationTest], using SpringBootContextLoader
2023-03-30 16:13:23.772  INFO 22024 --- [    Test worker] o.s.t.c.support.AbstractContextLoader    : Could not detect default resource locations for test class [ch.uzh.ifi.hase.soprafs23.repository.ProfileRepositoryIntegrationTest]: no resource found for suffixes {-context.xml, Context.groovy}.
2023-03-30 16:13:23.772  INFO 22024 --- [    Test worker] t.c.s.AnnotationConfigContextLoaderUtils : Could not detect default configuration classes for test class [ch.uzh.ifi.hase.soprafs23.repository.ProfileRepositoryIntegrationTest]: ProfileRepositoryIntegrationTest does not declare any static, non-private, non-final, nested classes annotated with @Configuration.
2023-03-30 16:13:23.781  INFO 22024 --- [    Test worker] .b.t.c.SpringBootTestContextBootstrapper : Found @SpringBootConfiguration ch.uzh.ifi.hase.soprafs23.Application for test class ch.uzh.ifi.hase.soprafs23.repository.ProfileRepositoryIntegrationTest
2023-03-30 16:13:23.782  INFO 22024 --- [    Test worker] b.t.a.o.j.DataJpaTestContextBootstrapper : Loaded default TestExecutionListener class names from location [META-INF/spring.factories]: [org.springframework.boot.test.autoconfigure.restdocs.RestDocsTestExecutionListener, org.springframework.boot.test.autoconfigure.web.client.MockRestServiceServerResetTestExecutionListener, org.springframework.boot.test.autoconfigure.web.servlet.MockMvcPrintOnlyOnFailureTestExecutionListener, org.springframework.boot.test.autoconfigure.web.servlet.WebDriverTestExecutionListener, org.springframework.boot.test.autoconfigure.webservices.client.MockWebServiceServerTestExecutionListener, org.springframework.boot.test.mock.mockito.MockitoTestExecutionListener, org.springframework.boot.test.mock.mockito.ResetMocksTestExecutionListener, org.springframework.test.context.web.ServletTestExecutionListener, org.springframework.test.context.support.DirtiesContextBeforeModesTestExecutionListener, org.springframework.test.context.event.ApplicationEventsTestExecutionListener, org.springframework.test.context.support.DependencyInjectionTestExecutionListener, org.springframework.test.context.support.DirtiesContextTestExecutionListener, org.springframework.test.context.transaction.TransactionalTestExecutionListener, org.springframework.test.context.jdbc.SqlScriptsTestExecutionListener, org.springframework.test.context.event.EventPublishingTestExecutionListener]
2023-03-30 16:13:23.783  INFO 22024 --- [    Test worker] b.t.a.o.j.DataJpaTestContextBootstrapper : Using TestExecutionListeners: [org.springframework.test.context.web.ServletTestExecutionListener@60cb3ca9, org.springframework.test.context.support.DirtiesContextBeforeModesTestExecutionListener@19273390, org.springframework.test.context.event.ApplicationEventsTestExecutionListener@58f45557, org.springframework.boot.test.mock.mockito.MockitoTestExecutionListener@674db438, org.springframework.boot.test.autoconfigure.SpringBootDependencyInjectionTestExecutionListener@5e5af20c, org.springframework.test.context.support.DirtiesContextTestExecutionListener@7e41e1e4, org.springframework.test.context.transaction.TransactionalTestExecutionListener@4e55d96, org.springframework.test.context.jdbc.SqlScriptsTestExecutionListener@e83d546, org.springframework.test.context.event.EventPublishingTestExecutionListener@7408c08, org.springframework.boot.test.autoconfigure.restdocs.RestDocsTestExecutionListener@767f03c5, org.springframework.boot.test.autoconfigure.web.client.MockRestServiceServerResetTestExecutionListener@58d8e971, org.springframework.boot.test.autoconfigure.web.servlet.MockMvcPrintOnlyOnFailureTestExecutionListener@48e13ec9, org.springframework.boot.test.autoconfigure.web.servlet.WebDriverTestExecutionListener@4bc2cb11, org.springframework.boot.test.autoconfigure.webservices.client.MockWebServiceServerTestExecutionListener@452d9887, org.springframework.boot.test.mock.mockito.ResetMocksTestExecutionListener@5aa16232]

  .   ____          _            __ _ _
 /\\ / ___'_ __ _ _(_)_ __  __ _ \ \ \ \
( ( )\___ | '_ | '_| | '_ \/ _` | \ \ \ \
 \\/  ___)| |_)| | | | | || (_| |  ) ) ) )
  '  |____| .__|_| |_|_| |_\__, | / / / /
 =========|_|==============|___/=/_/_/_/
 :: Spring Boot ::               (v2.4.13)

2023-03-30 16:13:23.817  INFO 22024 --- [    Test worker] i.h.s.r.ProfileRepositoryIntegrationTest : Starting ProfileRepositoryIntegrationTest using Java 17.0.5 on DESKTOP-49P1IUG with PID 22024 (started by makes in C:\Github\sopra-fs23-group-30-server)
2023-03-30 16:13:23.819  INFO 22024 --- [    Test worker] i.h.s.r.ProfileRepositoryIntegrationTest : No active profile set, falling back to default profiles: default
2023-03-30 16:13:23.981  INFO 22024 --- [    Test worker] .s.d.r.c.RepositoryConfigurationDelegate : Bootstrapping Spring Data JPA repositories in DEFAULT mode.
2023-03-30 16:13:24.056  INFO 22024 --- [    Test worker] .s.d.r.c.RepositoryConfigurationDelegate : Finished Spring Data repository scanning in 68 ms. Found 1 JPA repository interfaces.
2023-03-30 16:13:24.118  INFO 22024 --- [    Test worker] beddedDataSourceBeanFactoryPostProcessor : Replacing 'dataSource' DataSource bean with embedded version
2023-03-30 16:13:24.170  INFO 22024 --- [    Test worker] o.s.j.d.e.EmbeddedDatabaseFactory        : Starting embedded database: url='jdbc:h2:mem:b69ead61-58c9-4564-97d7-1eddb45a234c;DB_CLOSE_DELAY=-1;DB_CLOSE_ON_EXIT=false', username='sa'
2023-03-30 16:13:24.428  INFO 22024 --- [    Test worker] o.hibernate.jpa.internal.util.LogHelper  : HHH000204: Processing PersistenceUnitInfo [name: default]
2023-03-30 16:13:24.529  INFO 22024 --- [    Test worker] org.hibernate.Version                    : HHH000412: Hibernate ORM core version 5.4.32.Final
2023-03-30 16:13:24.602  INFO 22024 --- [    Test worker] o.hibernate.annotations.common.Version   : HCANN000001: Hibernate Commons Annotations {5.1.2.Final}
2023-03-30 16:13:24.826  INFO 22024 --- [    Test worker] org.hibernate.dialect.Dialect            : HHH000400: Using dialect: org.hibernate.dialect.SQLServerDialect
Hibernate: create table profile (id numeric(19,0) identity not null, name varchar(255) not null, status int not null, token varchar(255) not null, username varchar(255) not null, primary key (id))
Hibernate: alter table profile drop constraint UK_4kdnrln4rw0jhg49lq5qm158i
Hibernate: alter table profile add constraint UK_4kdnrln4rw0jhg49lq5qm158i unique (token)
Hibernate: alter table profile drop constraint UK_5em4hwqp4woqsf49dru7fjo80
Hibernate: alter table profile add constraint UK_5em4hwqp4woqsf49dru7fjo80 unique (username)
2023-03-30 16:13:25.597  INFO 22024 --- [    Test worker] o.h.e.t.j.p.i.JtaPlatformInitiator       : HHH000490: Using JtaPlatform implementation: [org.hibernate.engine.transaction.jta.platform.internal.NoJtaPlatform]
2023-03-30 16:13:25.610  INFO 22024 --- [    Test worker] j.LocalContainerEntityManagerFactoryBean : Initialized JPA EntityManagerFactory for persistence unit 'default'
2023-03-30 16:13:26.196  INFO 22024 --- [    Test worker] i.h.s.r.ProfileRepositoryIntegrationTest : Started ProfileRepositoryIntegrationTest in 2.409 seconds (JVM running for 8.801)
2023-03-30 16:13:26.212  INFO 22024 --- [    Test worker] o.s.t.c.transaction.TransactionContext   : Began transaction (1) for test context [DefaultTestContext@5e0209c testClass = ProfileRepositoryIntegrationTest, testInstance = ch.uzh.ifi.hase.soprafs23.repository.ProfileRepositoryIntegrationTest@ad48fbd, testMethod = findByName_success@ProfileRepositoryIntegrationTest, testException = [null], mergedContextConfiguration = [MergedContextConfiguration@2c567743 testClass = ProfileRepositoryIntegrationTest, locations = '{}', classes = '{class ch.uzh.ifi.hase.soprafs23.Application}', contextInitializerClasses = '[]', activeProfiles = '{}', propertySourceLocations = '{}', propertySourceProperties = '{org.springframework.boot.test.autoconfigure.orm.jpa.DataJpaTestContextBootstrapper=true}', contextCustomizers = set[org.springframework.boot.test.autoconfigure.OverrideAutoConfigurationContextCustomizerFactory$DisableAutoConfigurationContextCustomizer@50756c76, org.springframework.boot.test.autoconfigure.actuate.metrics.MetricsExportContextCustomizerFactory$DisableMetricExportContextCustomizer@73010765, org.springframework.boot.test.autoconfigure.filter.TypeExcludeFiltersContextCustomizer@351584c0, org.springframework.boot.test.autoconfigure.properties.PropertyMappingContextCustomizer@79d597b0, org.springframework.boot.test.autoconfigure.web.servlet.WebDriverContextCustomizerFactory$Customizer@7903d448, [ImportsContextCustomizer@66dcab95 key = [org.springframework.boot.test.autoconfigure.jdbc.TestDatabaseAutoConfiguration, org.springframework.boot.autoconfigure.jdbc.DataSourceAutoConfiguration, org.springframework.boot.autoconfigure.cache.CacheAutoConfiguration, org.springframework.boot.autoconfigure.data.jpa.JpaRepositoriesAutoConfiguration, org.springframework.boot.autoconfigure.flyway.FlywayAutoConfiguration, org.springframework.boot.autoconfigure.jdbc.DataSourceTransactionManagerAutoConfiguration, org.springframework.boot.autoconfigure.jdbc.JdbcTemplateAutoConfiguration, org.springframework.boot.autoconfigure.liquibase.LiquibaseAutoConfiguration, org.springframework.boot.autoconfigure.orm.jpa.HibernateJpaAutoConfiguration, org.springframework.boot.autoconfigure.transaction.TransactionAutoConfiguration, org.springframework.boot.test.autoconfigure.orm.jpa.TestEntityManagerAutoConfiguration]], org.springframework.boot.test.context.filter.ExcludeFilterContextCustomizer@76563d26, org.springframework.boot.test.json.DuplicateJsonObjectContextCustomizerFactory$DuplicateJsonObjectContextCustomizer@17f2dd85, org.springframework.boot.test.mock.mockito.MockitoContextCustomizer@0, org.springframework.boot.test.context.SpringBootTestArgs@1, org.springframework.boot.test.context.SpringBootTestWebEnvironment@0], contextLoader = 'org.springframework.boot.test.context.SpringBootContextLoader', parent = [null]], attributes = map['org.springframework.test.context.event.ApplicationEventsTestExecutionListener.recordApplicationEvents' -> false]]; transaction manager [org.springframework.orm.jpa.JpaTransactionManager@62b6d9e7]; rollback [true]
Hibernate: insert into profile (name, status, token, username) values (?, ?, ?, ?)
Hibernate: select profile0_.id as id1_0_, profile0_.name as name2_0_, profile0_.status as status3_0_, profile0_.token as token4_0_, profile0_.username as username5_0_ from profile profile0_ where profile0_.name=?
2023-03-30 16:13:26.483  INFO 22024 --- [    Test worker] o.s.t.c.transaction.TransactionContext   : Rolled back transaction for test: [DefaultTestContext@5e0209c testClass = ProfileRepositoryIntegrationTest, testInstance = ch.uzh.ifi.hase.soprafs23.repository.ProfileRepositoryIntegrationTest@ad48fbd, testMethod = findByName_success@ProfileRepositoryIntegrationTest, testException = [null], mergedContextConfiguration = [MergedContextConfiguration@2c567743 testClass = ProfileRepositoryIntegrationTest, locations = '{}', classes = '{class ch.uzh.ifi.hase.soprafs23.Application}', contextInitializerClasses = '[]', activeProfiles = '{}', propertySourceLocations = '{}', propertySourceProperties = '{org.springframework.boot.test.autoconfigure.orm.jpa.DataJpaTestContextBootstrapper=true}', contextCustomizers = set[org.springframework.boot.test.autoconfigure.OverrideAutoConfigurationContextCustomizerFactory$DisableAutoConfigurationContextCustomizer@50756c76, org.springframework.boot.test.autoconfigure.actuate.metrics.MetricsExportContextCustomizerFactory$DisableMetricExportContextCustomizer@73010765, org.springframework.boot.test.autoconfigure.filter.TypeExcludeFiltersContextCustomizer@351584c0, org.springframework.boot.test.autoconfigure.properties.PropertyMappingContextCustomizer@79d597b0, org.springframework.boot.test.autoconfigure.web.servlet.WebDriverContextCustomizerFactory$Customizer@7903d448, [ImportsContextCustomizer@66dcab95 key = [org.springframework.boot.test.autoconfigure.jdbc.TestDatabaseAutoConfiguration, org.springframework.boot.autoconfigure.jdbc.DataSourceAutoConfiguration, org.springframework.boot.autoconfigure.cache.CacheAutoConfiguration, org.springframework.boot.autoconfigure.data.jpa.JpaRepositoriesAutoConfiguration, org.springframework.boot.autoconfigure.flyway.FlywayAutoConfiguration, org.springframework.boot.autoconfigure.jdbc.DataSourceTransactionManagerAutoConfiguration, org.springframework.boot.autoconfigure.jdbc.JdbcTemplateAutoConfiguration, org.springframework.boot.autoconfigure.liquibase.LiquibaseAutoConfiguration, org.springframework.boot.autoconfigure.orm.jpa.HibernateJpaAutoConfiguration, org.springframework.boot.autoconfigure.transaction.TransactionAutoConfiguration, org.springframework.boot.test.autoconfigure.orm.jpa.TestEntityManagerAutoConfiguration]], org.springframework.boot.test.context.filter.ExcludeFilterContextCustomizer@76563d26, org.springframework.boot.test.json.DuplicateJsonObjectContextCustomizerFactory$DuplicateJsonObjectContextCustomizer@17f2dd85, org.springframework.boot.test.mock.mockito.MockitoContextCustomizer@0, org.springframework.boot.test.context.SpringBootTestArgs@1, org.springframework.boot.test.context.SpringBootTestWebEnvironment@0], contextLoader = 'org.springframework.boot.test.context.SpringBootContextLoader', parent = [null]], attributes = map['org.springframework.test.context.event.ApplicationEventsTestExecutionListener.recordApplicationEvents' -> false]]
]]></system-out>
  <system-err><![CDATA[]]></system-err>
</testsuite>
