<?xml version="1.0" encoding="UTF-8"?>
<testsuite name="ch.uzh.ifi.hase.soprafs23.service.ProfileServiceTest" tests="3" skipped="0" failures="0" errors="0" timestamp="2023-03-31T09:48:26" hostname="MATHIAS" time="0.191">
  <properties/>
  <testcase name="createUser_validInputs_success()" classname="ch.uzh.ifi.hase.soprafs23.service.ProfileServiceTest" time="0.179"/>
  <testcase name="createUser_duplicateName_throwsException()" classname="ch.uzh.ifi.hase.soprafs23.service.ProfileServiceTest" time="0.005"/>
  <testcase name="createUser_duplicateInputs_throwsException()" classname="ch.uzh.ifi.hase.soprafs23.service.ProfileServiceTest" time="0.005"/>
  <system-out><![CDATA[]]></system-out>
  <system-err><![CDATA[]]></system-err>
</testsuite>
